c:\users\admin\desktop\mygame\castlevania\castlevania\debug\vc140.pdb
c:\users\admin\desktop\mygame\castlevania\castlevania\debug\vc140.idb
c:\users\admin\desktop\mygame\castlevania\castlevania\debug\candle.obj
c:\users\admin\desktop\mygame\castlevania\castlevania\debug\dagger.obj
c:\users\admin\desktop\mygame\castlevania\castlevania\debug\debug.obj
c:\users\admin\desktop\mygame\castlevania\castlevania\debug\effect.obj
c:\users\admin\desktop\mygame\castlevania\castlevania\debug\game.obj
c:\users\admin\desktop\mygame\castlevania\castlevania\debug\gameobject.obj
c:\users\admin\desktop\mygame\castlevania\castlevania\debug\ground.obj
c:\users\admin\desktop\mygame\castlevania\castlevania\debug\input.obj
c:\users\admin\desktop\mygame\castlevania\castlevania\debug\items.obj
c:\users\admin\desktop\mygame\castlevania\castlevania\debug\main.obj
c:\users\admin\desktop\mygame\castlevania\castlevania\debug\simon.obj
c:\users\admin\desktop\mygame\castlevania\castlevania\debug\sprites.obj
c:\users\admin\desktop\mygame\castlevania\castlevania\debug\textures.obj
c:\users\admin\desktop\mygame\castlevania\castlevania\debug\tilemap.obj
c:\users\admin\desktop\mygame\castlevania\castlevania\debug\whip.obj
c:\users\admin\desktop\mygame\castlevania\castlevania\debug\scenemanager.obj
c:\users\admin\desktop\mygame\castlevania\debug\castlevania.ilk
c:\users\admin\desktop\mygame\castlevania\debug\castlevania.exe
c:\users\admin\desktop\mygame\castlevania\debug\castlevania.pdb
c:\users\admin\desktop\mygame\castlevania\castlevania\debug\castlevania.tlog\cl.command.1.tlog
c:\users\admin\desktop\mygame\castlevania\castlevania\debug\castlevania.tlog\cl.read.1.tlog
c:\users\admin\desktop\mygame\castlevania\castlevania\debug\castlevania.tlog\cl.write.1.tlog
c:\users\admin\desktop\mygame\castlevania\castlevania\debug\castlevania.tlog\link.command.1.tlog
c:\users\admin\desktop\mygame\castlevania\castlevania\debug\castlevania.tlog\link.read.1.tlog
c:\users\admin\desktop\mygame\castlevania\castlevania\debug\castlevania.tlog\link.write.1.tlog
