  main.cpp
c:\users\admin\desktop\mygame\castlevania\castlevania\define.h(188): warning C4005: 'GROUND': macro redefinition
  c:\users\admin\desktop\mygame\castlevania\castlevania\define.h(84): note: see previous definition of 'GROUND'
c:\users\admin\desktop\mygame\castlevania\castlevania\tilemap.h(57): warning C4018: '<': signed/unsigned mismatch
c:\users\admin\desktop\mygame\castlevania\castlevania\tilemap.h(58): warning C4018: '<': signed/unsigned mismatch
  SceneManager.cpp
  c:\program files (x86)\microsoft directx sdk (june 2010)\include\dinput.h: DIRECTINPUT_VERSION undefined. Defaulting to version 0x0800
c:\users\admin\desktop\mygame\castlevania\castlevania\define.h(14): warning C4005: 'DIRECTINPUT_VERSION': macro redefinition
  c:\program files (x86)\microsoft directx sdk (june 2010)\include\dinput.h(42): note: see previous definition of 'DIRECTINPUT_VERSION'
c:\users\admin\desktop\mygame\castlevania\castlevania\define.h(188): warning C4005: 'GROUND': macro redefinition
  c:\users\admin\desktop\mygame\castlevania\castlevania\define.h(84): note: see previous definition of 'GROUND'
c:\users\admin\desktop\mygame\castlevania\castlevania\tilemap.h(57): warning C4018: '<': signed/unsigned mismatch
c:\users\admin\desktop\mygame\castlevania\castlevania\tilemap.h(58): warning C4018: '<': signed/unsigned mismatch
c:\users\admin\desktop\mygame\castlevania\castlevania\scenemanager.cpp(105): warning C4018: '<': signed/unsigned mismatch
c:\users\admin\desktop\mygame\castlevania\castlevania\scenemanager.cpp(114): warning C4018: '<': signed/unsigned mismatch
c:\users\admin\desktop\mygame\castlevania\castlevania\scenemanager.cpp(125): warning C4018: '<': signed/unsigned mismatch
c:\users\admin\desktop\mygame\castlevania\castlevania\scenemanager.cpp(157): warning C4018: '<': signed/unsigned mismatch
  Generating Code...
  Castlevania.vcxproj -> C:\Users\Admin\Desktop\MyGame\Castlevania\Debug\Castlevania.exe
  Castlevania.vcxproj -> C:\Users\Admin\Desktop\MyGame\Castlevania\Debug\Castlevania.pdb (Full PDB)
