c:\users\admin\desktop\mygame\castlevania\castlevania\release\vc140.pdb
c:\users\admin\desktop\mygame\castlevania\castlevania\release\items.obj
c:\users\admin\desktop\mygame\castlevania\castlevania\release\introscene.obj
c:\users\admin\desktop\mygame\castlevania\castlevania\release\input.obj
c:\users\admin\desktop\mygame\castlevania\castlevania\release\ground.obj
c:\users\admin\desktop\mygame\castlevania\castlevania\release\grid.obj
c:\users\admin\desktop\mygame\castlevania\castlevania\release\gameobject.obj
c:\users\admin\desktop\mygame\castlevania\castlevania\release\game.obj
c:\users\admin\desktop\mygame\castlevania\castlevania\release\fishman.obj
c:\users\admin\desktop\mygame\castlevania\castlevania\release\fireball.obj
c:\users\admin\desktop\mygame\castlevania\castlevania\release\enemy.obj
c:\users\admin\desktop\mygame\castlevania\castlevania\release\door.obj
c:\users\admin\desktop\mygame\castlevania\castlevania\release\debug.obj
c:\users\admin\desktop\mygame\castlevania\castlevania\release\cloud.obj
c:\users\admin\desktop\mygame\castlevania\castlevania\release\changesceneobject.obj
c:\users\admin\desktop\mygame\castlevania\castlevania\release\candle.obj
c:\users\admin\desktop\mygame\castlevania\castlevania\release\bubbles.obj
c:\users\admin\desktop\mygame\castlevania\castlevania\release\breakwall.obj
c:\users\admin\desktop\mygame\castlevania\castlevania\release\boss.obj
c:\users\admin\desktop\mygame\castlevania\castlevania\release\blackleopard.obj
c:\users\admin\desktop\mygame\castlevania\castlevania\release\bat.obj
c:\users\admin\desktop\mygame\castlevania\castlevania\release\zombie.obj
c:\users\admin\desktop\mygame\castlevania\castlevania\release\whip.obj
c:\users\admin\desktop\mygame\castlevania\castlevania\release\water.obj
c:\users\admin\desktop\mygame\castlevania\castlevania\release\wallpieces.obj
c:\users\admin\desktop\mygame\castlevania\castlevania\release\vampirebat.obj
c:\users\admin\desktop\mygame\castlevania\castlevania\release\titlescreen.obj
c:\users\admin\desktop\mygame\castlevania\castlevania\release\tilemap.obj
c:\users\admin\desktop\mygame\castlevania\castlevania\release\textures.obj
c:\users\admin\desktop\mygame\castlevania\castlevania\release\subweapon.obj
c:\users\admin\desktop\mygame\castlevania\castlevania\release\stair.obj
c:\users\admin\desktop\mygame\castlevania\castlevania\release\sprites.obj
c:\users\admin\desktop\mygame\castlevania\castlevania\release\simon.obj
c:\users\admin\desktop\mygame\castlevania\castlevania\release\scenemanager.obj
c:\users\admin\desktop\mygame\castlevania\castlevania\release\player.obj
c:\users\admin\desktop\mygame\castlevania\castlevania\release\main.obj
c:\users\admin\desktop\mygame\castlevania\release\castlevania.exe
c:\users\admin\desktop\mygame\castlevania\release\castlevania.ipdb
c:\users\admin\desktop\mygame\castlevania\release\castlevania.iobj
c:\users\admin\desktop\mygame\castlevania\release\castlevania.pdb
c:\users\admin\desktop\mygame\castlevania\castlevania\release\castlevania.tlog\cl.command.1.tlog
c:\users\admin\desktop\mygame\castlevania\castlevania\release\castlevania.tlog\cl.read.1.tlog
c:\users\admin\desktop\mygame\castlevania\castlevania\release\castlevania.tlog\cl.write.1.tlog
c:\users\admin\desktop\mygame\castlevania\castlevania\release\castlevania.tlog\link.command.1.tlog
c:\users\admin\desktop\mygame\castlevania\castlevania\release\castlevania.tlog\link.read.1.tlog
c:\users\admin\desktop\mygame\castlevania\castlevania\release\castlevania.tlog\link.write.1.tlog
