  Bat.cpp
c:\users\admin\desktop\mygame\castlevania\castlevania\GameObject.h(4): fatal error C1083: Cannot open include file: 'd3dx9.h': No such file or directory
  BlackLeopard.cpp
c:\users\admin\desktop\mygame\castlevania\castlevania\GameObject.h(4): fatal error C1083: Cannot open include file: 'd3dx9.h': No such file or directory
  Boss.cpp
c:\users\admin\desktop\mygame\castlevania\castlevania\GameObject.h(4): fatal error C1083: Cannot open include file: 'd3dx9.h': No such file or directory
  BreakWall.cpp
c:\users\admin\desktop\mygame\castlevania\castlevania\GameObject.h(4): fatal error C1083: Cannot open include file: 'd3dx9.h': No such file or directory
  Bubbles.cpp
c:\users\admin\desktop\mygame\castlevania\castlevania\GameObject.h(4): fatal error C1083: Cannot open include file: 'd3dx9.h': No such file or directory
  Candle.cpp
c:\users\admin\desktop\mygame\castlevania\castlevania\GameObject.h(4): fatal error C1083: Cannot open include file: 'd3dx9.h': No such file or directory
  ChangeSceneObject.cpp
c:\users\admin\desktop\mygame\castlevania\castlevania\GameObject.h(4): fatal error C1083: Cannot open include file: 'd3dx9.h': No such file or directory
  Cloud.cpp
c:\users\admin\desktop\mygame\castlevania\castlevania\GameObject.h(4): fatal error C1083: Cannot open include file: 'd3dx9.h': No such file or directory
  Debug.cpp
  Door.cpp
c:\users\admin\desktop\mygame\castlevania\castlevania\GameObject.h(4): fatal error C1083: Cannot open include file: 'd3dx9.h': No such file or directory
  Enemy.cpp
c:\users\admin\desktop\mygame\castlevania\castlevania\GameObject.h(4): fatal error C1083: Cannot open include file: 'd3dx9.h': No such file or directory
  FireBall.cpp
c:\users\admin\desktop\mygame\castlevania\castlevania\GameObject.h(4): fatal error C1083: Cannot open include file: 'd3dx9.h': No such file or directory
  FishMan.cpp
c:\users\admin\desktop\mygame\castlevania\castlevania\GameObject.h(4): fatal error C1083: Cannot open include file: 'd3dx9.h': No such file or directory
  Game.cpp
c:\users\admin\desktop\mygame\castlevania\castlevania\Game.h(5): fatal error C1083: Cannot open include file: 'd3dx9.h': No such file or directory
  GameObject.cpp
c:\users\admin\desktop\mygame\castlevania\castlevania\GameObject.h(4): fatal error C1083: Cannot open include file: 'd3dx9.h': No such file or directory
  Grid.cpp
c:\users\admin\desktop\mygame\castlevania\castlevania\GameObject.h(4): fatal error C1083: Cannot open include file: 'd3dx9.h': No such file or directory
  Ground.cpp
c:\users\admin\desktop\mygame\castlevania\castlevania\GameObject.h(4): fatal error C1083: Cannot open include file: 'd3dx9.h': No such file or directory
  Input.cpp
c:\users\admin\desktop\mygame\castlevania\castlevania\Game.h(5): fatal error C1083: Cannot open include file: 'd3dx9.h': No such file or directory
  IntroScene.cpp
c:\users\admin\desktop\mygame\castlevania\castlevania\GameObject.h(4): fatal error C1083: Cannot open include file: 'd3dx9.h': No such file or directory
  Items.cpp
c:\users\admin\desktop\mygame\castlevania\castlevania\GameObject.h(4): fatal error C1083: Cannot open include file: 'd3dx9.h': No such file or directory
  Compiling...
  main.cpp
main.cpp(3): fatal error C1083: Cannot open include file: 'd3dx9.h': No such file or directory
  Player.cpp
c:\users\admin\desktop\mygame\castlevania\castlevania\Game.h(5): fatal error C1083: Cannot open include file: 'd3dx9.h': No such file or directory
  SceneManager.cpp
c:\users\admin\desktop\mygame\castlevania\castlevania\Game.h(5): fatal error C1083: Cannot open include file: 'd3dx9.h': No such file or directory
  Simon.cpp
c:\users\admin\desktop\mygame\castlevania\castlevania\GameObject.h(4): fatal error C1083: Cannot open include file: 'd3dx9.h': No such file or directory
  Sprites.cpp
c:\users\admin\desktop\mygame\castlevania\castlevania\Sprites.h(4): fatal error C1083: Cannot open include file: 'd3dx9.h': No such file or directory
  Stair.cpp
c:\users\admin\desktop\mygame\castlevania\castlevania\GameObject.h(4): fatal error C1083: Cannot open include file: 'd3dx9.h': No such file or directory
  SubWeapon.cpp
c:\users\admin\desktop\mygame\castlevania\castlevania\GameObject.h(4): fatal error C1083: Cannot open include file: 'd3dx9.h': No such file or directory
  Textures.cpp
c:\users\admin\desktop\mygame\castlevania\castlevania\Textures.h(7): fatal error C1083: Cannot open include file: 'd3dx9.h': No such file or directory
  TileMap.cpp
c:\users\admin\desktop\mygame\castlevania\castlevania\Textures.h(7): fatal error C1083: Cannot open include file: 'd3dx9.h': No such file or directory
  TitleScreen.cpp
c:\users\admin\desktop\mygame\castlevania\castlevania\Textures.h(7): fatal error C1083: Cannot open include file: 'd3dx9.h': No such file or directory
  VampireBat.cpp
c:\users\admin\desktop\mygame\castlevania\castlevania\GameObject.h(4): fatal error C1083: Cannot open include file: 'd3dx9.h': No such file or directory
  WallPieces.cpp
c:\users\admin\desktop\mygame\castlevania\castlevania\GameObject.h(4): fatal error C1083: Cannot open include file: 'd3dx9.h': No such file or directory
  Water.cpp
c:\users\admin\desktop\mygame\castlevania\castlevania\GameObject.h(4): fatal error C1083: Cannot open include file: 'd3dx9.h': No such file or directory
  Whip.cpp
c:\users\admin\desktop\mygame\castlevania\castlevania\GameObject.h(4): fatal error C1083: Cannot open include file: 'd3dx9.h': No such file or directory
  Zombie.cpp
c:\users\admin\desktop\mygame\castlevania\castlevania\GameObject.h(4): fatal error C1083: Cannot open include file: 'd3dx9.h': No such file or directory
